<?xml version="1.0" encoding="UTF-8"?>
<testng-results skipped="0" failed="0" ignored="16" total="17" passed="1">
  <reporter-output>
  </reporter-output>
  <suite name="Default suite" duration-ms="32812" started-at="2020-01-08T06:02:32 GMT" finished-at="2020-01-08T06:03:05 GMT">
    <groups>
      <group name="Regression Test">
        <method signature="OBSERVASilencePageOriginal.OverallInputAlarms()[pri:0, instance:com.OBSERVAMonitor.OBSERVASilencePageOriginal@536aaa8d]" name="OverallInputAlarms" class="com.OBSERVAMonitor.OBSERVASilencePageOriginal"/>
      </group> <!-- Regression Test -->
    </groups>
    <test name="Default test" duration-ms="32812" started-at="2020-01-08T06:02:32 GMT" finished-at="2020-01-08T06:03:05 GMT">
      <class name="com.OBSERVAMonitor.OBSERVASilencePageOriginal">
        <test-method status="PASS" signature="initialize()[pri:0, instance:com.OBSERVAMonitor.OBSERVASilencePageOriginal@536aaa8d]" name="initialize" is-config="true" duration-ms="883" started-at="2020-01-08T06:02:32 GMT" finished-at="2020-01-08T06:02:33 GMT">
          <reporter-output>
          </reporter-output>
        </test-method> <!-- initialize -->
        <test-method status="PASS" signature="instantiateBrowser()[pri:0, instance:com.OBSERVAMonitor.OBSERVASilencePageOriginal@536aaa8d]" name="instantiateBrowser" is-config="true" duration-ms="21259" started-at="2020-01-08T06:02:33 GMT" finished-at="2020-01-08T06:02:54 GMT">
          <reporter-output>
          </reporter-output>
        </test-method> <!-- instantiateBrowser -->
        <test-method status="PASS" signature="OverallInputAlarms()[pri:0, instance:com.OBSERVAMonitor.OBSERVASilencePageOriginal@536aaa8d]" name="OverallInputAlarms" duration-ms="10562" started-at="2020-01-08T06:02:54 GMT" finished-at="2020-01-08T06:03:05 GMT">
          <reporter-output>
          </reporter-output>
        </test-method> <!-- OverallInputAlarms -->
      </class> <!-- com.OBSERVAMonitor.OBSERVASilencePageOriginal -->
    </test> <!-- Default test -->
  </suite> <!-- Default suite -->
</testng-results>
