<?xml version="1.0" encoding="UTF-8"?>
<!-- Generated by org.testng.reporters.JUnitXMLReporter -->
<testsuite hostname="DESKTOP-TB2SURE" ignored="16" name="Default test" tests="1" failures="0" timestamp="2020-01-08T06:03:05 GMT" time="32.812" errors="0">
  <testcase name="OverallInputAlarms" time="10.562" classname="com.OBSERVAMonitor.OBSERVASilencePageOriginal"/>
  <testcase name="silencePadSettingsPageCardTitle" time="0.0" classname="com.OBSERVAMonitor.OBSERVASilencePageOriginal">
    <ignored/>
  </testcase> <!-- silencePadSettingsPageCardTitle -->
  <testcase name="individualAudioSilenceSettings" time="0.0" classname="com.OBSERVAMonitor.OBSERVASilencePageOriginal">
    <ignored/>
  </testcase> <!-- individualAudioSilenceSettings -->
  <testcase name="AudioSubComponentAlarms" time="0.0" classname="com.OBSERVAMonitor.OBSERVASilencePageOriginal">
    <ignored/>
  </testcase> <!-- AudioSubComponentAlarms -->
  <testcase name="OverallSilenceSettings" time="0.0" classname="com.OBSERVAMonitor.OBSERVASilencePageOriginal">
    <ignored/>
  </testcase> <!-- OverallSilenceSettings -->
  <testcase name="padSubComponentAlarms" time="0.0" classname="com.OBSERVAMonitor.OBSERVASilencePageOriginal">
    <ignored/>
  </testcase> <!-- padSubComponentAlarms -->
  <testcase name="DataSubComponentsLeftandRightStatsAlarmsAndText" time="0.0" classname="com.OBSERVAMonitor.OBSERVASilencePageOriginal">
    <ignored/>
  </testcase> <!-- DataSubComponentsLeftandRightStatsAlarmsAndText -->
  <testcase name="individualDATASilenceSettings" time="0.0" classname="com.OBSERVAMonitor.OBSERVASilencePageOriginal">
    <ignored/>
  </testcase> <!-- individualDATASilenceSettings -->
  <testcase name="OverallIndividualSilenceSettings" time="0.0" classname="com.OBSERVAMonitor.OBSERVASilencePageOriginal">
    <ignored/>
  </testcase> <!-- OverallIndividualSilenceSettings -->
  <testcase name="CapturingAudioPadDataAlarms" time="0.0" classname="com.OBSERVAMonitor.OBSERVASilencePageOriginal">
    <ignored/>
  </testcase> <!-- CapturingAudioPadDataAlarms -->
  <testcase name="AudioSubComponentsLeftandRightStatsAlarmsAndText" time="0.0" classname="com.OBSERVAMonitor.OBSERVASilencePageOriginal">
    <ignored/>
  </testcase> <!-- AudioSubComponentsLeftandRightStatsAlarmsAndText -->
  <testcase name="individualPADSilenceSettings" time="0.0" classname="com.OBSERVAMonitor.OBSERVASilencePageOriginal">
    <ignored/>
  </testcase> <!-- individualPADSilenceSettings -->
  <testcase name="SubComponentLeftandRightStatsAlarmsAndText" time="0.0" classname="com.OBSERVAMonitor.OBSERVASilencePageOriginal">
    <ignored/>
  </testcase> <!-- SubComponentLeftandRightStatsAlarmsAndText -->
  <testcase name="PADSubComponentsLeftandRightStatsAlarmsAndText" time="0.0" classname="com.OBSERVAMonitor.OBSERVASilencePageOriginal">
    <ignored/>
  </testcase> <!-- PADSubComponentsLeftandRightStatsAlarmsAndText -->
  <testcase name="DATASubComponentAlarms" time="0.0" classname="com.OBSERVAMonitor.OBSERVASilencePageOriginal">
    <ignored/>
  </testcase> <!-- DATASubComponentAlarms -->
  <testcase name="SubComponentsColorsandStats" time="0.0" classname="com.OBSERVAMonitor.OBSERVASilencePageOriginal">
    <ignored/>
  </testcase> <!-- SubComponentsColorsandStats -->
  <testcase name="SubComponentAlarms" time="0.0" classname="com.OBSERVAMonitor.OBSERVASilencePageOriginal">
    <ignored/>
  </testcase> <!-- SubComponentAlarms -->
</testsuite> <!-- Default test -->
