<?xml version="1.0" encoding="UTF-8"?>
<!-- Generated by org.testng.reporters.JUnitXMLReporter -->
<testsuite hostname="DESKTOP-TB2SURE" ignored="0" name="DashboardPage" tests="8" failures="8" timestamp="03 Sep 2019 12:31:35 GMT" time="0.09" errors="0">
  <testcase name="BulletList" time="0.014" classname="com.OBSERVAMonitor.DashboardPage">
    <failure type="java.lang.NullPointerException">
      <![CDATA[java.lang.NullPointerException
at com.OBSERVAMonitor.DashboardPage.BulletList(DashboardPage.java:33)
... Removed 25 stack frames]]>
    </failure>
  </testcase> <!-- BulletList -->
  <testcase name="INPUT" time="0.002" classname="com.OBSERVAMonitor.DashboardPage">
    <failure type="java.lang.NullPointerException">
      <![CDATA[java.lang.NullPointerException
at com.OBSERVAMonitor.DashboardPage.INPUT(DashboardPage.java:45)
... Removed 25 stack frames]]>
    </failure>
  </testcase> <!-- INPUT -->
  <testcase name="CONTINUITY" time="0.001" classname="com.OBSERVAMonitor.DashboardPage">
    <failure type="java.lang.NullPointerException">
      <![CDATA[java.lang.NullPointerException
at com.OBSERVAMonitor.DashboardPage.CONTINUITY(DashboardPage.java:57)
... Removed 25 stack frames]]>
    </failure>
  </testcase> <!-- CONTINUITY -->
  <testcase name="CONTENT" time="0.001" classname="com.OBSERVAMonitor.DashboardPage">
    <failure type="java.lang.NullPointerException">
      <![CDATA[java.lang.NullPointerException
at com.OBSERVAMonitor.DashboardPage.CONTENT(DashboardPage.java:68)
... Removed 25 stack frames]]>
    </failure>
  </testcase> <!-- CONTENT -->
  <testcase name="SILENCE" time="0.001" classname="com.OBSERVAMonitor.DashboardPage">
    <failure type="java.lang.NullPointerException">
      <![CDATA[java.lang.NullPointerException
at com.OBSERVAMonitor.DashboardPage.SILENCE(DashboardPage.java:78)
... Removed 25 stack frames]]>
    </failure>
  </testcase> <!-- SILENCE -->
  <testcase name="EDIOUTPUT" time="0.002" classname="com.OBSERVAMonitor.DashboardPage">
    <failure type="java.lang.NullPointerException">
      <![CDATA[java.lang.NullPointerException
at com.OBSERVAMonitor.DashboardPage.EDIOUTPUT(DashboardPage.java:89)
... Removed 25 stack frames]]>
    </failure>
  </testcase> <!-- EDIOUTPUT -->
  <testcase name="RECONFIGURATION" time="0.002" classname="com.OBSERVAMonitor.DashboardPage">
    <failure type="java.lang.NullPointerException">
      <![CDATA[java.lang.NullPointerException
at com.OBSERVAMonitor.DashboardPage.RECONFIGURATION(DashboardPage.java:99)
... Removed 25 stack frames]]>
    </failure>
  </testcase> <!-- RECONFIGURATION -->
  <testcase name="VERSION" time="0.002" classname="com.OBSERVAMonitor.DashboardPage">
    <failure type="java.lang.NullPointerException">
      <![CDATA[java.lang.NullPointerException
at com.OBSERVAMonitor.DashboardPage.VERSION(DashboardPage.java:109)
... Removed 25 stack frames]]>
    </failure>
  </testcase> <!-- VERSION -->
</testsuite> <!-- DashboardPage -->
