<?xml version="1.0" encoding="UTF-8"?>
<!-- Generated by org.testng.reporters.JUnitXMLReporter -->
<testsuite hostname="DESKTOP-TB2SURE" ignored="38" name="OBSERVAMonitor" tests="5" failures="0" timestamp="2020-01-07T13:21:31 GMT" time="117.729" errors="0">
  <testcase name="EDI1" time="7.218" classname="com.OBSERVAMonitor.OBSERVAInputPage"/>
  <testcase name="Continuitypage" time="2.177" classname="com.OBSERVAMonitor.OBSERVAInputPage"/>
  <testcase name="ContentPage" time="4.592" classname="com.OBSERVAMonitor.OBSERVAInputPage"/>
  <testcase name="SilencePage" time="1.41" classname="com.OBSERVAMonitor.OBSERVAInputPage"/>
  <testcase name="ReconfigPage" time="1.926" classname="com.OBSERVAMonitor.OBSERVAInputPage"/>
  <testcase name="EDI7" time="0.0" classname="com.OBSERVAMonitor.OBSERVAInputPage">
    <ignored/>
  </testcase> <!-- EDI7 -->
  <testcase name="EDI6" time="0.0" classname="com.OBSERVAMonitor.OBSERVAInputPage">
    <ignored/>
  </testcase> <!-- EDI6 -->
  <testcase name="EDI5" time="0.0" classname="com.OBSERVAMonitor.OBSERVAInputPage">
    <ignored/>
  </testcase> <!-- EDI5 -->
  <testcase name="AudioSubComponentAlarms" time="0.0" classname="com.OBSERVAMonitor.OBSERVASilencePageOriginal">
    <ignored/>
  </testcase> <!-- AudioSubComponentAlarms -->
  <testcase name="EDI4" time="0.0" classname="com.OBSERVAMonitor.OBSERVAInputPage">
    <ignored/>
  </testcase> <!-- EDI4 -->
  <testcase name="EDI3" time="0.0" classname="com.OBSERVAMonitor.OBSERVAInputPage">
    <ignored/>
  </testcase> <!-- EDI3 -->
  <testcase name="dashboardPage" time="0.0" classname="com.OBSERVAMonitor.OBSERVADashboardPage">
    <ignored/>
  </testcase> <!-- dashboardPage -->
  <testcase name="EDI2" time="0.0" classname="com.OBSERVAMonitor.OBSERVAInputPage">
    <ignored/>
  </testcase> <!-- EDI2 -->
  <testcase name="FEP7" time="0.0" classname="com.OBSERVAMonitor.OBSERVAInputPage">
    <ignored/>
  </testcase> <!-- FEP7 -->
  <testcase name="FEP6" time="0.0" classname="com.OBSERVAMonitor.OBSERVAInputPage">
    <ignored/>
  </testcase> <!-- FEP6 -->
  <testcase name="OverallSilenceSettings" time="0.0" classname="com.OBSERVAMonitor.OBSERVASilencePageOriginal">
    <ignored/>
  </testcase> <!-- OverallSilenceSettings -->
  <testcase name="elinksLeftPanel" time="0.0" classname="com.OBSERVAMonitor.OBSERVADashboardPage">
    <ignored/>
  </testcase> <!-- elinksLeftPanel -->
  <testcase name="FEP5" time="0.0" classname="com.OBSERVAMonitor.OBSERVAInputPage">
    <ignored/>
  </testcase> <!-- FEP5 -->
  <testcase name="padSubComponentAlarms" time="0.0" classname="com.OBSERVAMonitor.OBSERVASilencePageOriginal">
    <ignored/>
  </testcase> <!-- padSubComponentAlarms -->
  <testcase name="FEP4" time="0.0" classname="com.OBSERVAMonitor.OBSERVAInputPage">
    <ignored/>
  </testcase> <!-- FEP4 -->
  <testcase name="FEP3" time="0.0" classname="com.OBSERVAMonitor.OBSERVAInputPage">
    <ignored/>
  </testcase> <!-- FEP3 -->
  <testcase name="DataSubComponentsLeftandRightStatsAlarmsAndText" time="0.0" classname="com.OBSERVAMonitor.OBSERVASilencePageOriginal">
    <ignored/>
  </testcase> <!-- DataSubComponentsLeftandRightStatsAlarmsAndText -->
  <testcase name="FEP2" time="0.0" classname="com.OBSERVAMonitor.OBSERVAInputPage">
    <ignored/>
  </testcase> <!-- FEP2 -->
  <testcase name="individualDATASilenceSettings" time="0.0" classname="com.OBSERVAMonitor.OBSERVASilencePageOriginal">
    <ignored/>
  </testcase> <!-- individualDATASilenceSettings -->
  <testcase name="FEP1" time="0.0" classname="com.OBSERVAMonitor.OBSERVAInputPage">
    <ignored/>
  </testcase> <!-- FEP1 -->
  <testcase name="OverallIndividualSilenceSettings" time="0.0" classname="com.OBSERVAMonitor.OBSERVASilencePageOriginal">
    <ignored/>
  </testcase> <!-- OverallIndividualSilenceSettings -->
  <testcase name="ETINI3" time="0.0" classname="com.OBSERVAMonitor.OBSERVAInputPage">
    <ignored/>
  </testcase> <!-- ETINI3 -->
  <testcase name="ETINI2" time="0.0" classname="com.OBSERVAMonitor.OBSERVAInputPage">
    <ignored/>
  </testcase> <!-- ETINI2 -->
  <testcase name="ETINI1" time="0.0" classname="com.OBSERVAMonitor.OBSERVAInputPage">
    <ignored/>
  </testcase> <!-- ETINI1 -->
  <testcase name="individualPADSilenceSettings" time="0.0" classname="com.OBSERVAMonitor.OBSERVASilencePageOriginal">
    <ignored/>
  </testcase> <!-- individualPADSilenceSettings -->
  <testcase name="RFInput1" time="0.0" classname="com.OBSERVAMonitor.OBSERVAInputPage">
    <ignored/>
  </testcase> <!-- RFInput1 -->
  <testcase name="OverallInputAlarms" time="0.0" classname="com.OBSERVAMonitor.OBSERVASilencePageOriginal">
    <ignored/>
  </testcase> <!-- OverallInputAlarms -->
  <testcase name="RFInput2" time="0.0" classname="com.OBSERVAMonitor.OBSERVAInputPage">
    <ignored/>
  </testcase> <!-- RFInput2 -->
  <testcase name="RadioscapeETICCard0" time="0.0" classname="com.OBSERVAMonitor.OBSERVAInputPage">
    <ignored/>
  </testcase> <!-- RadioscapeETICCard0 -->
  <testcase name="PADSubComponentsLeftandRightStatsAlarmsAndText" time="0.0" classname="com.OBSERVAMonitor.OBSERVASilencePageOriginal">
    <ignored/>
  </testcase> <!-- PADSubComponentsLeftandRightStatsAlarmsAndText -->
  <testcase name="DATASubComponentAlarms" time="0.0" classname="com.OBSERVAMonitor.OBSERVASilencePageOriginal">
    <ignored/>
  </testcase> <!-- DATASubComponentAlarms -->
  <testcase name="SubComponentsColorsandStats" time="0.0" classname="com.OBSERVAMonitor.OBSERVASilencePageOriginal">
    <ignored/>
  </testcase> <!-- SubComponentsColorsandStats -->
  <testcase name="SubComponentAlarms" time="0.0" classname="com.OBSERVAMonitor.OBSERVASilencePageOriginal">
    <ignored/>
  </testcase> <!-- SubComponentAlarms -->
  <testcase name="individualAudioSilenceSettings" time="0.0" classname="com.OBSERVAMonitor.OBSERVASilencePageOriginal">
    <ignored/>
  </testcase> <!-- individualAudioSilenceSettings -->
  <testcase name="CapturingAudioPadDataAlarms" time="0.0" classname="com.OBSERVAMonitor.OBSERVASilencePageOriginal">
    <ignored/>
  </testcase> <!-- CapturingAudioPadDataAlarms -->
  <testcase name="AudioSubComponentsLeftandRightStatsAlarmsAndText" time="0.0" classname="com.OBSERVAMonitor.OBSERVASilencePageOriginal">
    <ignored/>
  </testcase> <!-- AudioSubComponentsLeftandRightStatsAlarmsAndText -->
  <testcase name="SubComponentLeftandRightStatsAlarmsAndText" time="0.0" classname="com.OBSERVAMonitor.OBSERVASilencePageOriginal">
    <ignored/>
  </testcase> <!-- SubComponentLeftandRightStatsAlarmsAndText -->
  <testcase name="footerApplication" time="0.0" classname="com.OBSERVAMonitor.OBSERVADashboardPage">
    <ignored/>
  </testcase> <!-- footerApplication -->
</testsuite> <!-- OBSERVAMonitor -->
