<?xml version="1.0" encoding="UTF-8"?>
<!-- Generated by org.testng.reporters.JUnitXMLReporter -->
<testsuite hostname="DESKTOP-TB2SURE" ignored="0" name="OBSERVAMonitor" tests="3" failures="3" timestamp="04 Sep 2019 10:41:28 GMT" time="0.213" errors="0">
  <testcase name="DashboardPage" time="0.051" classname="com.OBSERVAMonitor.OBSERVADashboardPage">
    <failure type="java.lang.NullPointerException">
      <![CDATA[java.lang.NullPointerException
at org.openqa.selenium.support.pagefactory.DefaultElementLocator.findElement(DefaultElementLocator.java:69)
at org.openqa.selenium.support.pagefactory.internal.LocatingElementHandler.invoke(LocatingElementHandler.java:38)
at com.sun.proxy.$Proxy8.click(Unknown Source)
at com.OBSERVAMonitor.DashboardPage.BulletList(DashboardPage.java:33)
at com.OBSERVAMonitor.OBSERVADashboardPage.DashboardPage(OBSERVADashboardPage.java:28)
... Removed 25 stack frames]]>
    </failure>
  </testcase> <!-- DashboardPage -->
  <testcase name="DashboardPageFooter" time="0.004" classname="com.OBSERVAMonitor.OBSERVADashboardPage">
    <failure type="java.lang.NullPointerException">
      <![CDATA[java.lang.NullPointerException
at org.openqa.selenium.support.pagefactory.DefaultElementLocator.findElement(DefaultElementLocator.java:69)
at org.openqa.selenium.support.pagefactory.internal.LocatingElementHandler.invoke(LocatingElementHandler.java:38)
at com.sun.proxy.$Proxy8.getText(Unknown Source)
at com.OBSERVAMonitor.DashboardPage.VERSION(DashboardPage.java:109)
at com.OBSERVAMonitor.OBSERVADashboardPage.DashboardPageFooter(OBSERVADashboardPage.java:88)
... Removed 25 stack frames]]>
    </failure>
  </testcase> <!-- DashboardPageFooter -->
  <testcase name="InputPage" time="0.093" classname="com.OBSERVAMonitor.OBSERVAInputPage">
    <failure type="java.lang.NullPointerException">
      <![CDATA[java.lang.NullPointerException
at org.openqa.selenium.support.pagefactory.DefaultElementLocator.findElement(DefaultElementLocator.java:69)
at org.openqa.selenium.support.pagefactory.internal.LocatingElementHandler.invoke(LocatingElementHandler.java:38)
at com.sun.proxy.$Proxy8.click(Unknown Source)
at com.OBSERVAMonitor.InputPage.INPUT(InputPage.java:31)
at com.OBSERVAMonitor.OBSERVAInputPage.InputPage(OBSERVAInputPage.java:29)
... Removed 25 stack frames]]>
    </failure>
  </testcase> <!-- InputPage -->
</testsuite> <!-- OBSERVAMonitor -->
