<?xml version="1.0" encoding="UTF-8"?>
<!-- Generated by org.testng.reporters.JUnitXMLReporter -->
<testsuite hostname="DESKTOP-TB2SURE" ignored="0" name="Test" tests="1" failures="1" timestamp="04 Sep 2019 11:51:27 GMT" time="0.266" errors="0">
  <testcase name="InputPage" time="0.212" classname="com.OBSERVAMonitor.OBSERVAInputPage">
    <failure type="java.lang.NullPointerException">
      <![CDATA[java.lang.NullPointerException
at org.openqa.selenium.support.pagefactory.DefaultElementLocator.findElement(DefaultElementLocator.java:69)
at org.openqa.selenium.support.pagefactory.internal.LocatingElementHandler.invoke(LocatingElementHandler.java:38)
at com.sun.proxy.$Proxy8.click(Unknown Source)
at com.OBSERVAMonitor.InputPage.INPUT(InputPage.java:31)
at com.OBSERVAMonitor.OBSERVAInputPage.InputPage(OBSERVAInputPage.java:29)
... Removed 25 stack frames]]>
    </failure>
  </testcase> <!-- InputPage -->
</testsuite> <!-- Test -->
